<?xml version="1.0" encoding="UTF-8"?>
<robot generator="Robot 6.1.1 (Python 3.11.4 on win32)" generated="20240827 12:22:40.960" rpa="false" schemaversion="4">
<suite id="s1" name="Login" source="C:\Users\Rohan\Robot Framework Web Automation\Tests\Login.robot">
<test id="s1-t1" name="Test Case 01 - Access Login page of youtube" line="10">
<kw name="Run Keywords" library="BuiltIn" type="SETUP">
<arg>Open Browser</arg>
<arg>https://www.youtube.com/</arg>
<arg>gc</arg>
<arg>AND</arg>
<arg>Maximize Browser Window</arg>
<doc>Executes all the given keywords in a sequence.</doc>
<kw name="Open Browser" library="SeleniumLibrary">
<arg>https://www.youtube.com/</arg>
<arg>gc</arg>
<doc>Opens a new browser instance to the optional ``url``.</doc>
<msg timestamp="20240827 12:22:41.332" level="INFO">Opening browser 'gc' to base url 'https://www.youtube.com/'.</msg>
<status status="PASS" starttime="20240827 12:22:41.332" endtime="20240827 12:22:46.238"/>
</kw>
<kw name="Maximize Browser Window" library="SeleniumLibrary">
<doc>Maximizes current browser window.</doc>
<status status="PASS" starttime="20240827 12:22:46.239" endtime="20240827 12:22:46.445"/>
</kw>
<status status="PASS" starttime="20240827 12:22:41.331" endtime="20240827 12:22:46.445"/>
</kw>
<kw name="Given Validating YT's landing page UI" library="Keywords">
<kw name="Wait Until Element Is Visible" library="SeleniumLibrary">
<arg>${YT_LOGO}</arg>
<arg>timeout=10s</arg>
<doc>Waits until the element ``locator`` is visible.</doc>
<status status="PASS" starttime="20240827 12:22:46.447" endtime="20240827 12:22:46.636"/>
</kw>
<status status="PASS" starttime="20240827 12:22:46.446" endtime="20240827 12:22:46.636"/>
</kw>
<kw name="Close All Browsers" library="SeleniumLibrary" type="TEARDOWN">
<doc>Closes all open browsers and resets the browser cache.</doc>
<status status="PASS" starttime="20240827 12:22:46.637" endtime="20240827 12:22:53.212"/>
</kw>
<tag>ui_validation</tag>
<status status="PASS" starttime="20240827 12:22:41.330" endtime="20240827 12:22:53.212"/>
</test>
<status status="PASS" starttime="20240827 12:22:40.962" endtime="20240827 12:22:53.212"/>
</suite>
<statistics>
<total>
<stat pass="1" fail="0" skip="0">All Tests</stat>
</total>
<tag>
<stat pass="1" fail="0" skip="0">ui_validation</stat>
</tag>
<suite>
<stat pass="1" fail="0" skip="0" id="s1" name="Login">Login</stat>
</suite>
</statistics>
<errors>
</errors>
</robot>
